<?xml version="1.0" encoding="UTF-8"?>
<!-- Generated by org.testng.reporters.JUnitXMLReporter -->
<testsuite hostname="Manannan" name="Command line test" tests="186" failures="7" timestamp="15 Apr 2015 22:03:16 GMT" time="2949.172" errors="0">
  <testcase name="checkAccessibilityBreadCrumb" time="18.02" classname="tests.AccessibilityTestingPage"/>
  <testcase name="checkAccessibilityPurposeAndMethod" time="15.807" classname="tests.AccessibilityTestingPage"/>
  <testcase name="checkBBBreadCrumb" time="15.339" classname="tests.AccessibilityTestingPage"/>
  <testcase name="checkServicesBreadCrumb" time="15.488" classname="tests.AccessibilityTestingPage"/>
  <testcase name="checkAutomatedPurposeAndMethod" time="15.13" classname="tests.AutomatedTestingPage"/>
  <testcase name="checkAutomatedTestingBreadCrumb" time="15.053" classname="tests.AutomatedTestingPage"/>
  <testcase name="checkBBBreadCrumb" time="15.186" classname="tests.AutomatedTestingPage"/>
  <testcase name="checkServicesBreadCrumb" time="15.378" classname="tests.AutomatedTestingPage"/>
  <testcase name="checkBlogHeaderLinkChrome" time="10.754" classname="tests.BlogHeaderLink"/>
  <testcase name="checkBlogHeaderLinkFF" time="15.463" classname="tests.BlogHeaderLink"/>
  <testcase name="checkNextLink" time="16.322" classname="tests.BlogPage"/>
  <testcase name="checkNumberedLinks" time="41.507" classname="tests.BlogPage"/>
  <testcase name="checkPreviousLink" time="16.15" classname="tests.BlogPage"/>
  <testcase name="checkBBBreadCrumb" time="14.916" classname="tests.CareerCompanyPage"/>
  <testcase name="checkTheLabsBreadCrumb" time="14.64" classname="tests.CareerCompanyPage"/>
  <testcase name="checkCompanyHeaderLinkChrome" time="10.836" classname="tests.CompanyHeaderLink"/>
  <testcase name="checkCompanyHeaderLinkFF" time="15.226" classname="tests.CompanyHeaderLink"/>
  <testcase name="checkBreadCrumb" time="17.193" classname="tests.CompanyPage"/>
  <testcase name="checkCompanyPullDown_Careers_FF" time="15.36" classname="tests.CompanyPullDown"/>
  <testcase name="checkCompanyPullDown_Team_FF" time="15.61" classname="tests.CompanyPullDown"/>
  <testcase name="checkCompanyPullDown_Testimonials_FF" time="15.337" classname="tests.CompanyPullDown"/>
  <testcase name="checkBBBreadCrumb" time="15.064" classname="tests.CompatibilityTestingPage"/>
  <testcase name="checkCompatibilityBreadCrumb" time="16.65" classname="tests.CompatibilityTestingPage"/>
  <testcase name="checkCompatibilityPurposeAndMethod" time="13.983" classname="tests.CompatibilityTestingPage"/>
  <testcase name="checkContactUsLink" time="15.411" classname="tests.CompatibilityTestingPage"/>
  <testcase name="checkServicesBreadCrumb" time="15.364" classname="tests.CompatibilityTestingPage"/>
  <testcase name="checkContactHeaderLinkChrome" time="10.736" classname="tests.ContactHeaderLink"/>
  <testcase name="checkContactHeaderLinkFF" time="16.689" classname="tests.ContactHeaderLink"/>
  <testcase name="checkBreadCrumb" time="15.337" classname="tests.ContactPage"/>
  <testcase name="checkBBBreadCrumb" time="15.095" classname="tests.FAQ"/>
  <testcase name="checkWhyTestBreadCrumb" time="15.424" classname="tests.FAQ"/>
  <testcase name="checkFollowOurBlogLinkFF" time="15.501" classname="tests.FollowOurBlog"/>
  <testcase name="checkHowQACanIncreaseYourROILinkFF" time="14.892" classname="tests.FollowOurBlog">
    <failure type="org.junit.ComparisonFailure" message="expected:&amp;lt;[How Quality Assurance Can Increase Your ROI] | Beta Breakers&amp;gt; but was:&amp;lt;[Project Management Tips] | Beta Breakers&amp;gt;">
      <![CDATA[org.junit.ComparisonFailure: expected:<[How Quality Assurance Can Increase Your ROI] | Beta Breakers> but was:<[Project Management Tips] | Beta Breakers>
	at org.junit.Assert.assertEquals(Assert.java:115)
	at org.junit.Assert.assertEquals(Assert.java:144)
	at tests.FollowOurBlog.checkHowQACanIncreaseYourROILinkFF(FollowOurBlog.java:103)
	at tests.Start.main(Start.java:65)
... Removed 21 stack frames]]>
    </failure>
  </testcase> <!-- checkHowQACanIncreaseYourROILinkFF -->
  <testcase name="checkHowQACanIncreaseYourROIReadMoreLinkFF" time="16.886" classname="tests.FollowOurBlog">
    <failure type="org.junit.ComparisonFailure" message="expected:&amp;lt;[How Quality Assurance Can Increase Your ROI] | Beta Breakers&amp;gt; but was:&amp;lt;[Project Management Tips] | Beta Breakers&amp;gt;">
      <![CDATA[org.junit.ComparisonFailure: expected:<[How Quality Assurance Can Increase Your ROI] | Beta Breakers> but was:<[Project Management Tips] | Beta Breakers>
	at org.junit.Assert.assertEquals(Assert.java:115)
	at org.junit.Assert.assertEquals(Assert.java:144)
	at tests.FollowOurBlog.checkHowQACanIncreaseYourROIReadMoreLinkFF(FollowOurBlog.java:116)
	at tests.Start.main(Start.java:65)
... Removed 21 stack frames]]>
    </failure>
  </testcase> <!-- checkHowQACanIncreaseYourROIReadMoreLinkFF -->
  <testcase name="checkProjectManagementTipsLinkFF" time="15.867" classname="tests.FollowOurBlog">
    <failure type="org.junit.ComparisonFailure" message="expected:&amp;lt;[Project Management Tips] | Beta Breakers&amp;gt; but was:&amp;lt;[The Role of the Testing Lab] | Beta Breakers&amp;gt;">
      <![CDATA[org.junit.ComparisonFailure: expected:<[Project Management Tips] | Beta Breakers> but was:<[The Role of the Testing Lab] | Beta Breakers>
	at org.junit.Assert.assertEquals(Assert.java:115)
	at org.junit.Assert.assertEquals(Assert.java:144)
	at tests.FollowOurBlog.checkProjectManagementTipsLinkFF(FollowOurBlog.java:51)
	at tests.Start.main(Start.java:65)
... Removed 21 stack frames]]>
    </failure>
  </testcase> <!-- checkProjectManagementTipsLinkFF -->
  <testcase name="checkProjectManagementTipsReadMoreLinkFF" time="16.26" classname="tests.FollowOurBlog">
    <failure type="org.junit.ComparisonFailure" message="expected:&amp;lt;[Project Management Tips] | Beta Breakers&amp;gt; but was:&amp;lt;[The Role of the Testing Lab] | Beta Breakers&amp;gt;">
      <![CDATA[org.junit.ComparisonFailure: expected:<[Project Management Tips] | Beta Breakers> but was:<[The Role of the Testing Lab] | Beta Breakers>
	at org.junit.Assert.assertEquals(Assert.java:115)
	at org.junit.Assert.assertEquals(Assert.java:144)
	at tests.FollowOurBlog.checkProjectManagementTipsReadMoreLinkFF(FollowOurBlog.java:64)
	at tests.Start.main(Start.java:65)
... Removed 21 stack frames]]>
    </failure>
  </testcase> <!-- checkProjectManagementTipsReadMoreLinkFF -->
  <testcase name="checkWhatShouldBeInYourTestPlanLinkFF" time="15.722" classname="tests.FollowOurBlog">
    <failure type="org.junit.ComparisonFailure" message="expected:&amp;lt;[What Should be in Your Test Plan?] | Beta Breakers&amp;gt; but was:&amp;lt;[The Importance of Quality Assurance] | Beta Breakers&amp;gt;">
      <![CDATA[org.junit.ComparisonFailure: expected:<[What Should be in Your Test Plan?] | Beta Breakers> but was:<[The Importance of Quality Assurance] | Beta Breakers>
	at org.junit.Assert.assertEquals(Assert.java:115)
	at org.junit.Assert.assertEquals(Assert.java:144)
	at tests.FollowOurBlog.checkWhatShouldBeInYourTestPlanLinkFF(FollowOurBlog.java:77)
	at tests.Start.main(Start.java:65)
... Removed 21 stack frames]]>
    </failure>
  </testcase> <!-- checkWhatShouldBeInYourTestPlanLinkFF -->
  <testcase name="checkWhatShouldBeInYourTestPlanReadMoreLinkFF" time="14.743" classname="tests.FollowOurBlog">
    <failure type="org.junit.ComparisonFailure" message="expected:&amp;lt;[What Should be in Your Test Plan?] | Beta Breakers&amp;gt; but was:&amp;lt;[The Importance of Quality Assurance] | Beta Breakers&amp;gt;">
      <![CDATA[org.junit.ComparisonFailure: expected:<[What Should be in Your Test Plan?] | Beta Breakers> but was:<[The Importance of Quality Assurance] | Beta Breakers>
	at org.junit.Assert.assertEquals(Assert.java:115)
	at org.junit.Assert.assertEquals(Assert.java:144)
	at tests.FollowOurBlog.checkWhatShouldBeInYourTestPlanReadMoreLinkFF(FollowOurBlog.java:90)
	at tests.Start.main(Start.java:65)
... Removed 21 stack frames]]>
    </failure>
  </testcase> <!-- checkWhatShouldBeInYourTestPlanReadMoreLinkFF -->
  <testcase name="checkBBBreadCrumb" time="15.214" classname="tests.FunctionalityTestingPage"/>
  <testcase name="checkFunctionalityBreadCrumb" time="14.909" classname="tests.FunctionalityTestingPage"/>
  <testcase name="checkFunctionalityPurposeAndMethod" time="15.585" classname="tests.FunctionalityTestingPage"/>
  <testcase name="checkServicesBreadCrumb" time="13.23" classname="tests.FunctionalityTestingPage"/>
  <testcase name="badEmailAddress" time="17.168" classname="tests.GetStartedContactUs"/>
  <testcase name="emptyTextFieldsTest" time="15.543" classname="tests.GetStartedContactUs"/>
  <testcase name="javascriptTestInMessageField" time="21.203" classname="tests.GetStartedContactUs"/>
  <testcase name="justNameFieldPopulated" time="17.286" classname="tests.GetStartedContactUs"/>
  <testcase name="textField" time="14.911" classname="tests.GetStartedContactUs"/>
  <testcase name="checkHomeLinkChrome" time="10.795" classname="tests.HomeLinks"/>
  <testcase name="checkHomeLinkFF" time="15.202" classname="tests.HomeLinks"/>
  <testcase name="checkLogoChrome" time="9.476" classname="tests.HomeLinks"/>
  <testcase name="checkLogoFF" time="13.86" classname="tests.HomeLinks"/>
  <testcase name="checkBBBreadCrumb" time="14.866" classname="tests.LaptopLabPage"/>
  <testcase name="checkTheLabsBreadCrumb" time="15.183" classname="tests.LaptopLabPage"/>
  <testcase name="checkBBBreadCrumb" time="15.518" classname="tests.LoadPerformanceTestingPage"/>
  <testcase name="checkLoadPerformanceBreadCrumb" time="15.293" classname="tests.LoadPerformanceTestingPage"/>
  <testcase name="checkLoadPerformancePurposeAndMethod" time="15.118" classname="tests.LoadPerformanceTestingPage"/>
  <testcase name="checkServicesBreadCrumb" time="15.205" classname="tests.LoadPerformanceTestingPage"/>
  <testcase name="checkBBBreadCrumb" time="14.733" classname="tests.LocalizationTestPage"/>
  <testcase name="checkLocalizationPurposeAndMethod" time="15.042" classname="tests.LocalizationTestPage"/>
  <testcase name="checkLocalizationTestingBreadCrumb" time="14.897" classname="tests.LocalizationTestPage"/>
  <testcase name="checkServicesBreadCrumb" time="16.746" classname="tests.LocalizationTestPage"/>
  <testcase name="checkBBBreadCrumb" time="15.267" classname="tests.MacSystemsLabPage"/>
  <testcase name="checkTheLabsBreadCrumb" time="15.118" classname="tests.MacSystemsLabPage"/>
  <testcase name="checkBBBreadCrumb" time="15.844" classname="tests.MobileDeviceLabPage"/>
  <testcase name="checkLaptopLink" time="14.925" classname="tests.MobileDeviceLabPage"/>
  <testcase name="checkMacSystemLink" time="15.184" classname="tests.MobileDeviceLabPage"/>
  <testcase name="checkMobileDevicesLink" time="14.969" classname="tests.MobileDeviceLabPage"/>
  <testcase name="checkPCSystemsLink" time="15.395" classname="tests.MobileDeviceLabPage"/>
  <testcase name="checkTheLabsBreadCrumb" time="15.038" classname="tests.MobileDeviceLabPage"/>
  <testcase name="checkVideoCardsLink" time="15.412" classname="tests.MobileDeviceLabPage"/>
  <testcase name="checkBBBreadCrumb" time="14.987" classname="tests.MobileDeviceTestingPage"/>
  <testcase name="checkMobileDeviceBodyLink" time="14.131" classname="tests.MobileDeviceTestingPage"/>
  <testcase name="checkServicesBreadCrumb" time="15.472" classname="tests.MobileDeviceTestingPage"/>
  <testcase name="checkWebsitePurposeAndMethod" time="13.738" classname="tests.MobileDeviceTestingPage"/>
  <testcase name="checkWebsiteTestingBreadCrumb" time="14.827" classname="tests.MobileDeviceTestingPage"/>
  <testcase name="checkHomePageLoadChrome" time="7.703" classname="tests.NavToHomepage"/>
  <testcase name="checkHomePageLoadFF" time="11.048" classname="tests.NavToHomepage"/>
  <testcase name="checkNextProjectLinkChrome" time="10.71" classname="tests.NextProjectLink"/>
  <testcase name="checkNextProjectLinkFF" time="15.329" classname="tests.NextProjectLink"/>
  <testcase name="checkBBBreadCrumb" time="15.75" classname="tests.PCSystemsLabPage"/>
  <testcase name="checkTheLabsBreadCrumb" time="15.041" classname="tests.PCSystemsLabPage"/>
  <testcase name="checkPrivacyPolicyFooterLinkChrome" time="10.786" classname="tests.PrivacyPolicy"/>
  <testcase name="checkPrivacyPolicyFooterLinkFF" time="15.154" classname="tests.PrivacyPolicy"/>
  <testcase name="checkCompatibilityIconLinkFF" time="15.647" classname="tests.ServicesBodyLinks"/>
  <testcase name="checkCompatibilityReadMoreLinkFF" time="15.087" classname="tests.ServicesBodyLinks"/>
  <testcase name="checkFunctionalityIconLinkFF" time="15.368" classname="tests.ServicesBodyLinks"/>
  <testcase name="checkFunctionalityReadMoreLinkFF" time="14.648" classname="tests.ServicesBodyLinks"/>
  <testcase name="checkMobileTestingIconLinkFF" time="14.483" classname="tests.ServicesBodyLinks"/>
  <testcase name="checkMobileTestingReadMoreLinkFF" time="14.019" classname="tests.ServicesBodyLinks"/>
  <testcase name="checkWebsiteTestingIconLinkFF" time="15.244" classname="tests.ServicesBodyLinks"/>
  <testcase name="checkWebsiteTestingReadMoreLinkFF" time="14.763" classname="tests.ServicesBodyLinks"/>
  <testcase name="checkAccesibilityFooterLinkFF" time="15.095" classname="tests.ServicesFooterLinks"/>
  <testcase name="checkAutomatedFooterLinkFF" time="16.341" classname="tests.ServicesFooterLinks"/>
  <testcase name="checkCompatibilityFooterLinkFF" time="14.699" classname="tests.ServicesFooterLinks"/>
  <testcase name="checkFunctionalityFooterLinkFF" time="15.164" classname="tests.ServicesFooterLinks"/>
  <testcase name="checkLoadPerformanceFooterLinkFF" time="15.439" classname="tests.ServicesFooterLinks"/>
  <testcase name="checkLocalizationFooterLinkFF" time="16.841" classname="tests.ServicesFooterLinks"/>
  <testcase name="checkMobileDeviceServicesFooterLinkFF" time="21.975" classname="tests.ServicesFooterLinks"/>
  <testcase name="checkTestPlanWritingFooterLinkFF" time="15.886" classname="tests.ServicesFooterLinks"/>
  <testcase name="checkUsabilityFooterLinkFF" time="18.364" classname="tests.ServicesFooterLinks"/>
  <testcase name="checkWebsiteFooterLinkFF" time="14.673" classname="tests.ServicesFooterLinks"/>
  <testcase name="checkServicesHeaderLinkChrome" time="11.353" classname="tests.ServicesHeaderLink"/>
  <testcase name="checkServicesHeaderLinkFF" time="14.46" classname="tests.ServicesHeaderLink"/>
  <testcase name="testAccessibilityButton" time="15.464" classname="tests.ServicesPage"/>
  <testcase name="testAutomatedButton" time="16.223" classname="tests.ServicesPage"/>
  <testcase name="testBreadCrumbLink" time="15.442" classname="tests.ServicesPage"/>
  <testcase name="testCompatibilityButton" time="15.916" classname="tests.ServicesPage"/>
  <testcase name="testFunctionalityButton" time="15.201" classname="tests.ServicesPage"/>
  <testcase name="testLoadPerformanceButton" time="15.858" classname="tests.ServicesPage"/>
  <testcase name="testLocalizationButton" time="13.303" classname="tests.ServicesPage"/>
  <testcase name="testMobileDeviceButton" time="14.653" classname="tests.ServicesPage"/>
  <testcase name="testTestPlanButton" time="15.162" classname="tests.ServicesPage"/>
  <testcase name="testUsabilityButton" time="15.987" classname="tests.ServicesPage"/>
  <testcase name="testWebsiteQAButton" time="15.46" classname="tests.ServicesPage"/>
  <testcase name="checkServicesPullDown_Accessibility_FF" time="14.38" classname="tests.ServicesPullDown"/>
  <testcase name="checkServicesPullDown_Automated_FF" time="14.524" classname="tests.ServicesPullDown"/>
  <testcase name="checkServicesPullDown_Compatibility_FF" time="15.381" classname="tests.ServicesPullDown"/>
  <testcase name="checkServicesPullDown_Functionality_FF" time="14.857" classname="tests.ServicesPullDown"/>
  <testcase name="checkServicesPullDown_LoadPerf_FF" time="15.248" classname="tests.ServicesPullDown"/>
  <testcase name="checkServicesPullDown_Localization_FF" time="14.723" classname="tests.ServicesPullDown"/>
  <testcase name="checkServicesPullDown_MobileDevice_FF" time="15.832" classname="tests.ServicesPullDown"/>
  <testcase name="checkServicesPullDown_TPWriting_FF" time="15.667" classname="tests.ServicesPullDown"/>
  <testcase name="checkServicesPullDown_Usability_FF" time="14.915" classname="tests.ServicesPullDown"/>
  <testcase name="checkServicesPullDown_WebsiteTesting_FF" time="14.812" classname="tests.ServicesPullDown"/>
  <testcase name="checkFacebookFooterLinkFF" time="21.784" classname="tests.SocialFooterLinks"/>
  <testcase name="checkGooglePlusFooterLinkFF" time="18.178" classname="tests.SocialFooterLinks"/>
  <testcase name="checkLinkedInFooterLinkFF" time="16.856" classname="tests.SocialFooterLinks">
    <failure type="org.junit.ComparisonFailure" message="expected:&amp;lt;...inkedin.com/company/[1270191]&amp;gt; but was:&amp;lt;...inkedin.com/company/[beta-breakers]&amp;gt;">
      <![CDATA[org.junit.ComparisonFailure: expected:<...inkedin.com/company/[1270191]> but was:<...inkedin.com/company/[beta-breakers]>
	at org.junit.Assert.assertEquals(Assert.java:115)
	at org.junit.Assert.assertEquals(Assert.java:144)
	at tests.SocialFooterLinks.checkLinkedInFooterLinkFF(SocialFooterLinks.java:102)
	at tests.Start.main(Start.java:65)
... Removed 21 stack frames]]>
    </failure>
  </testcase> <!-- checkLinkedInFooterLinkFF -->
  <testcase name="checkTwitterFooterLinkFF" time="16.051" classname="tests.SocialFooterLinks"/>
  <testcase name="checkBBBreadCrumb" time="15.323" classname="tests.TeamCompanyPage"/>
  <testcase name="checkTheLabsBreadCrumb" time="15.544" classname="tests.TeamCompanyPage"/>
  <testcase name="checkBBBreadCrumb" time="14.503" classname="tests.TestPlanWritingPage"/>
  <testcase name="checkServicesBreadCrumb" time="15.031" classname="tests.TestPlanWritingPage"/>
  <testcase name="checkTestPlanWritingPurposeAndMethod" time="15.919" classname="tests.TestPlanWritingPage"/>
  <testcase name="checkTestPlanWritingTestingBreadCrumb" time="14.935" classname="tests.TestPlanWritingPage"/>
  <testcase name="checkCiscoTestimonialLinkFF" time="13.697" classname="tests.TestimonialLinks"/>
  <testcase name="checkLeapFrogTestimonialLinkFF" time="15.775" classname="tests.TestimonialLinks"/>
  <testcase name="checkOracleTestimonialLinkFF" time="15.517" classname="tests.TestimonialLinks"/>
  <testcase name="checkScrippsTestimonialLinkFF" time="14.423" classname="tests.TestimonialLinks"/>
  <testcase name="checkSnapOnTestimonialLinkFF" time="15.162" classname="tests.TestimonialLinks"/>
  <testcase name="checkTrekTestimonialLinkFF" time="14.578" classname="tests.TestimonialLinks"/>
  <testcase name="checkBBTeamFooterLinkFF" time="14.734" classname="tests.TheCompany"/>
  <testcase name="checkCareersFooterLinkFF" time="15.065" classname="tests.TheCompany"/>
  <testcase name="checkSitemapFooterLinkFF" time="15.516" classname="tests.TheCompany"/>
  <testcase name="checkTestimonialsFooterLinkFF" time="15.28" classname="tests.TheCompany"/>
  <testcase name="checkLaptopsFooterLinkFF" time="16.759" classname="tests.TheLabsFooterLinks"/>
  <testcase name="checkMacSystemsFooterLinkFF" time="14.957" classname="tests.TheLabsFooterLinks"/>
  <testcase name="checkMobileDevicesLabsFooterLinkFF" time="15.908" classname="tests.TheLabsFooterLinks"/>
  <testcase name="checkPCSystemsFooterLinkFF" time="15.954" classname="tests.TheLabsFooterLinks"/>
  <testcase name="checkVideoCardsFooterLinkFF" time="14.872" classname="tests.TheLabsFooterLinks"/>
  <testcase name="checkTheLabsHeaderLinkChrome" time="10.285" classname="tests.TheLabsHeaderLink"/>
  <testcase name="checkTheLabsHeaderLinkFF" time="15.364" classname="tests.TheLabsHeaderLink"/>
  <testcase name="checkBreadCrumb" time="15.481" classname="tests.TheLabsPage"/>
  <testcase name="checkLaptopsButton" time="15.663" classname="tests.TheLabsPage"/>
  <testcase name="checkMacSystemsButton" time="15.034" classname="tests.TheLabsPage"/>
  <testcase name="checkMobileDevicesButton" time="15.178" classname="tests.TheLabsPage"/>
  <testcase name="checkPCSystemsButton" time="15.465" classname="tests.TheLabsPage"/>
  <testcase name="checkVideoCardButton" time="14.909" classname="tests.TheLabsPage"/>
  <testcase name="checkTheLabsPullDown_Laptops_FF" time="16.286" classname="tests.TheLabsPullDown"/>
  <testcase name="checkTheLabsPullDown_Mac_FF" time="15.64" classname="tests.TheLabsPullDown"/>
  <testcase name="checkTheLabsPullDown_MobileDevices_FF" time="14.983" classname="tests.TheLabsPullDown"/>
  <testcase name="checkTheLabsPullDown_PCSystems_FF" time="15.058" classname="tests.TheLabsPullDown"/>
  <testcase name="checkTheLabsPullDown_VideoCards_FF" time="16.602" classname="tests.TheLabsPullDown"/>
  <testcase name="checkBBBreadCrumb" time="16.297" classname="tests.TheProcessPage"/>
  <testcase name="checkWhyTestBreadCrumb" time="18.507" classname="tests.TheProcessPage"/>
  <testcase name="checkBBBreadCrumb" time="15.889" classname="tests.UsabilityTestingPage"/>
  <testcase name="checkServicesBreadCrumb" time="15.358" classname="tests.UsabilityTestingPage"/>
  <testcase name="checkUsabilityPurposeAndMethod" time="15.546" classname="tests.UsabilityTestingPage"/>
  <testcase name="checkUsabilityTestingBreadCrumb" time="16.544" classname="tests.UsabilityTestingPage"/>
  <testcase name="checkBBBreadCrumb" time="15.212" classname="tests.VideoCardsLabPage"/>
  <testcase name="checkTheLabsBreadCrumb" time="13.988" classname="tests.VideoCardsLabPage"/>
  <testcase name="checkBBBreadCrumb" time="16.048" classname="tests.WebsiteTestingPage"/>
  <testcase name="checkServicesBreadCrumb" time="16.953" classname="tests.WebsiteTestingPage"/>
  <testcase name="checkWebsitePurposeAndMethod" time="16.03" classname="tests.WebsiteTestingPage"/>
  <testcase name="checkWebsiteTestingBreadCrumb" time="15.192" classname="tests.WebsiteTestingPage"/>
  <testcase name="checkBBBreadCrumb" time="16.581" classname="tests.WhyHireBB"/>
  <testcase name="checkWhyTestBreadCrumb" time="14.934" classname="tests.WhyHireBB"/>
  <testcase name="checkBBBreadCrumb" time="14.824" classname="tests.WhyOutsource"/>
  <testcase name="checkWhyTestBreadCrumb" time="14.862" classname="tests.WhyOutsource"/>
  <testcase name="checkWhyTestHeaderLinkChrome" time="10.418" classname="tests.WhyTestHeaderLink"/>
  <testcase name="checkWhyTestHeaderLinkFF" time="14.469" classname="tests.WhyTestHeaderLink"/>
  <testcase name="checkBreadCrumbLink" time="15.823" classname="tests.WhyTestPage"/>
  <testcase name="checkWhyTestPullDown_FAQ_FF" time="15.688" classname="tests.WhyTestPullDown"/>
  <testcase name="checkWhyTestPullDown_WhyHire_FF" time="15.82" classname="tests.WhyTestPullDown"/>
  <testcase name="checkWhyTestPullDown_WhyOutsource_FF" time="15.51" classname="tests.WhyTestPullDown"/>
  <testcase name="checkWhyTestPulldown_Process_FF" time="15.446" classname="tests.WhyTestPullDown"/>
  <testcase name="checkContactUsBodyLinkFF" time="16.979" classname="tests.contactusBodyLink"/>
</testsuite> <!-- Command line test -->
